<?xml version="1.0" encoding="UTF-8"?>
<!-- Generated by org.testng.reporters.JUnitReportReporter -->
<testsuite hostname="LAPTOP-NTIC0IO9" failures="0" tests="2" name="testCaseSauceDemoProject.SauceDemoLoginTest" time="7.100" errors="0" timestamp="2022-09-11T13:56:46 IST" skipped="0">
  <testcase classname="testCaseSauceDemoProject.SauceDemoLoginTest" name="Test2LoginValid" time="3.067"/>
  <system-out/>
  <testcase classname="testCaseSauceDemoProject.SauceDemoLoginTest" name="Test1LoginInvalid" time="4.033"/>
  <system-out/>
</testsuite> <!-- testCaseSauceDemoProject.SauceDemoLoginTest -->
