<?xml version="1.0" encoding="UTF-8"?>
<!-- Generated by org.testng.reporters.JUnitReportReporter -->
<testsuite skipped="0" hostname="LAPTOP-NTIC0IO9" name="testCaseSauceDemoProject.SauceDemoLoginTest" tests="2" failures="0" timestamp="2022-09-11T13:59:42 IST" time="14.420" errors="0">
  <testcase name="Test2LoginValid" time="7.384" classname="testCaseSauceDemoProject.SauceDemoLoginTest"/>
  <system-out/>
  <testcase name="Test1LoginInvalid" time="7.036" classname="testCaseSauceDemoProject.SauceDemoLoginTest"/>
  <system-out/>
</testsuite> <!-- testCaseSauceDemoProject.SauceDemoLoginTest -->
